<?xml version="1.0" encoding="UTF-8"?>
<!-- Generated by org.testng.reporters.JUnitReportReporter -->
<testsuite skipped="0" hostname="Ganesh-PC" name="ISR_Selenium_Testcase.Homepage_test" tests="1" failures="0" timestamp="2020-01-20T22:56:38 IST" time="22.176" errors="0">
  <testcase name="selectorg1" time="22.176" classname="ISR_Selenium_Testcase.Homepage_test"/>
</testsuite> <!-- ISR_Selenium_Testcase.Homepage_test -->
