<?xml version="1.0" encoding="UTF-8"?>
<!-- Generated by org.testng.reporters.JUnitReportReporter -->
<testsuite hostname="Ganesh-PC" failures="0" tests="4" name="ISR_Selenium_Testcase.Login_Page_test" time="0.000" errors="0" timestamp="2020-02-02T20:27:34 IST" skipped="4">
  <testcase classname="ISR_Selenium_Testcase.Login_Page_test" name="loginpagetitletest" time="0.000">
    <skipped/>
  </testcase> <!-- loginpagetitletest -->
  <testcase classname="ISR_Selenium_Testcase.Login_Page_test" name="logintest" time="0.000">
    <skipped/>
  </testcase> <!-- logintest -->
  <testcase classname="ISR_Selenium_Testcase.Login_Page_test" name="invalidloginemail" time="0.000">
    <skipped/>
  </testcase> <!-- invalidloginemail -->
  <testcase classname="ISR_Selenium_Testcase.Login_Page_test" name="invalidloginpassword" time="0.000">
    <skipped/>
  </testcase> <!-- invalidloginpassword -->
</testsuite> <!-- ISR_Selenium_Testcase.Login_Page_test -->
