<?xml version="1.0" encoding="UTF-8"?>
<!-- Generated by org.testng.reporters.JUnitReportReporter -->
<testsuite hostname="Ganesh-PC" failures="0" tests="2" name="ISR_Selenium_Testcase.Login_Page_test" time="37.339" errors="0" timestamp="2020-08-29T11:10:44 IST" skipped="0">
  <testcase classname="ISR_Selenium_Testcase.Login_Page_test" name="loginpagetitletest" time="1.193"/>
  <testcase classname="ISR_Selenium_Testcase.Login_Page_test" name="logintest" time="36.146"/>
</testsuite> <!-- ISR_Selenium_Testcase.Login_Page_test -->
