<?xml version="1.0" encoding="UTF-8"?>
<!-- Generated by org.testng.reporters.JUnitReportReporter -->
<testsuite hostname="Ganesh-PC" failures="0" tests="3" name="ISR_Selenium_Testcase.Organization_details_page_Testcase" time="198.101" errors="0" timestamp="2020-02-05T21:43:04 IST" skipped="0">
  <testcase classname="ISR_Selenium_Testcase.Organization_details_page_Testcase" name="orgdetailspage" time="73.322"/>
  <testcase classname="ISR_Selenium_Testcase.Organization_details_page_Testcase" name="downloadcertificate" time="59.763"/>
  <testcase classname="ISR_Selenium_Testcase.Organization_details_page_Testcase" name="uploadcertificate" time="65.016"/>
</testsuite> <!-- ISR_Selenium_Testcase.Organization_details_page_Testcase -->
