<?xml version="1.0" encoding="UTF-8"?>
<!-- Generated by org.testng.reporters.JUnitReportReporter -->
<testsuite hostname="Ganesh-PC" failures="0" tests="1" name="ISR_Selenium_Testcase.Organization_uploadvideo_page_testcase" time="6.237" errors="0" timestamp="2020-08-29T15:56:07 IST" skipped="0">
  <testcase classname="ISR_Selenium_Testcase.Organization_uploadvideo_page_testcase" name="organization_video" time="6.237"/>
</testsuite> <!-- ISR_Selenium_Testcase.Organization_uploadvideo_page_testcase -->
