<?xml version="1.0" encoding="UTF-8"?>
<!-- Generated by org.testng.reporters.JUnitReportReporter -->
<testsuite hostname="Ganesh-PC" failures="0" tests="6" name="ISR_Selenium_Testcase.Organization_member_page_Testcase" time="14.787" errors="0" timestamp="2020-09-04T19:40:41 IST" skipped="0">
  <testcase classname="ISR_Selenium_Testcase.Organization_member_page_Testcase" name="addmember" time="3.143"/>
  <testcase classname="ISR_Selenium_Testcase.Organization_member_page_Testcase" name="edit_member_name_expert" time="2.228"/>
  <testcase classname="ISR_Selenium_Testcase.Organization_member_page_Testcase" name="add_same_email" time="3.143"/>
  <testcase classname="ISR_Selenium_Testcase.Organization_member_page_Testcase" name="edit_email" time="0.112"/>
  <testcase classname="ISR_Selenium_Testcase.Organization_member_page_Testcase" name="download_sample_member" time="0.266"/>
  <testcase classname="ISR_Selenium_Testcase.Organization_member_page_Testcase" name="upload_member" time="5.895"/>
</testsuite> <!-- ISR_Selenium_Testcase.Organization_member_page_Testcase -->
