<?xml version="1.0" encoding="UTF-8"?>
<!-- Generated by org.testng.reporters.JUnitReportReporter -->
<testsuite hostname="Ganesh-PC" failures="0" tests="1" name="ISR_Selenium_Testcase.Organization_setting_page_Testcase" time="9.064" errors="0" timestamp="2020-09-04T19:08:35 IST" skipped="0">
  <testcase classname="ISR_Selenium_Testcase.Organization_setting_page_Testcase" name="beneficiaryfamilyangel" time="9.064"/>
</testsuite> <!-- ISR_Selenium_Testcase.Organization_setting_page_Testcase -->
