<?xml version="1.0" encoding="UTF-8"?>
<!-- Generated by org.testng.reporters.JUnitReportReporter -->
<testsuite hostname="Ganesh-PC" failures="0" tests="1" name="ISR_Selenium_Testcase.Organization_uploadvideo_page_testcase" time="0.000" errors="0" timestamp="2020-02-02T20:27:34 IST" skipped="1">
  <testcase classname="ISR_Selenium_Testcase.Organization_uploadvideo_page_testcase" name="organization_video" time="0.000">
    <skipped/>
  </testcase> <!-- organization_video -->
</testsuite> <!-- ISR_Selenium_Testcase.Organization_uploadvideo_page_testcase -->
