<?xml version="1.0" encoding="UTF-8"?>
<!-- Generated by org.testng.reporters.JUnitReportReporter -->
<testsuite hostname="Ganesh-PC" failures="0" tests="3" name="ISR_Selenium_Testcase.Organization_Fcra_page_Testcase" time="25.357" errors="0" timestamp="2020-08-29T15:50:05 IST" skipped="0">
  <testcase classname="ISR_Selenium_Testcase.Organization_Fcra_page_Testcase" name="upload_fcra" time="23.976"/>
  <testcase classname="ISR_Selenium_Testcase.Organization_Fcra_page_Testcase" name="download_fcra" time="1.296"/>
  <testcase classname="ISR_Selenium_Testcase.Organization_Fcra_page_Testcase" name="status_of_fcra" time="0.085"/>
</testsuite> <!-- ISR_Selenium_Testcase.Organization_Fcra_page_Testcase -->
