<?xml version="1.0" encoding="UTF-8"?>
<!-- Generated by org.testng.reporters.JUnitReportReporter -->
<testsuite hostname="Ganesh-PC" failures="0" tests="6" name="ISR_Selenium_Testcase.Organization_member_page_Testcase" time="0.000" errors="0" timestamp="2020-02-02T20:27:34 IST" skipped="6">
  <testcase classname="ISR_Selenium_Testcase.Organization_member_page_Testcase" name="addmember" time="0.000">
    <skipped/>
  </testcase> <!-- addmember -->
  <testcase classname="ISR_Selenium_Testcase.Organization_member_page_Testcase" name="edit_member_name_expert" time="0.000">
    <skipped/>
  </testcase> <!-- edit_member_name_expert -->
  <testcase classname="ISR_Selenium_Testcase.Organization_member_page_Testcase" name="add_same_email" time="0.000">
    <skipped/>
  </testcase> <!-- add_same_email -->
  <testcase classname="ISR_Selenium_Testcase.Organization_member_page_Testcase" name="edit_email" time="0.000">
    <skipped/>
  </testcase> <!-- edit_email -->
  <testcase classname="ISR_Selenium_Testcase.Organization_member_page_Testcase" name="download_sample_member" time="0.000">
    <skipped/>
  </testcase> <!-- download_sample_member -->
  <testcase classname="ISR_Selenium_Testcase.Organization_member_page_Testcase" name="upload_member" time="0.000">
    <skipped/>
  </testcase> <!-- upload_member -->
</testsuite> <!-- ISR_Selenium_Testcase.Organization_member_page_Testcase -->
