<?xml version="1.0" encoding="UTF-8"?>
<!-- Generated by org.testng.reporters.JUnitReportReporter -->
<testsuite hostname="Ganesh-PC" failures="0" tests="4" name="ISR_Selenium_Testcase.Organization_details_page_Testcase" time="10.296" errors="0" timestamp="2020-08-29T13:19:27 IST" skipped="0">
  <testcase classname="ISR_Selenium_Testcase.Organization_details_page_Testcase" name="orgdetailspage" time="8.149"/>
  <testcase classname="ISR_Selenium_Testcase.Organization_details_page_Testcase" name="verifyuploadbutton" time="0.334"/>
  <testcase classname="ISR_Selenium_Testcase.Organization_details_page_Testcase" name="downloadcertificate" time="1.043"/>
  <testcase classname="ISR_Selenium_Testcase.Organization_details_page_Testcase" name="uploadcertificiate" time="0.770"/>
</testsuite> <!-- ISR_Selenium_Testcase.Organization_details_page_Testcase -->
