<?xml version="1.0" encoding="UTF-8"?>
<!-- Generated by org.testng.reporters.JUnitReportReporter -->
<testsuite skipped="4" hostname="Ganesh-PC" name="ISR_Selenium_Testcase.Login_Page_test" tests="4" failures="0" timestamp="2020-02-02T20:36:36 IST" time="0.000" errors="0">
  <testcase name="loginpagetitletest" time="0.000" classname="ISR_Selenium_Testcase.Login_Page_test">
    <skipped/>
  </testcase> <!-- loginpagetitletest -->
  <testcase name="logintest" time="0.000" classname="ISR_Selenium_Testcase.Login_Page_test">
    <skipped/>
  </testcase> <!-- logintest -->
  <testcase name="invalidloginemail" time="0.000" classname="ISR_Selenium_Testcase.Login_Page_test">
    <skipped/>
  </testcase> <!-- invalidloginemail -->
  <testcase name="invalidloginpassword" time="0.000" classname="ISR_Selenium_Testcase.Login_Page_test">
    <skipped/>
  </testcase> <!-- invalidloginpassword -->
</testsuite> <!-- ISR_Selenium_Testcase.Login_Page_test -->
