<?xml version="1.0" encoding="UTF-8"?>
<!-- Generated by org.testng.reporters.JUnitReportReporter -->
<testsuite skipped="1" hostname="Ganesh-PC" name="ISR_Selenium_Testcase.Organization_setting_page_Testcase" tests="1" failures="0" timestamp="2020-02-02T20:36:36 IST" time="0.000" errors="0">
  <testcase name="beneficiaryfamilyangel" time="0.000" classname="ISR_Selenium_Testcase.Organization_setting_page_Testcase">
    <skipped/>
  </testcase> <!-- beneficiaryfamilyangel -->
</testsuite> <!-- ISR_Selenium_Testcase.Organization_setting_page_Testcase -->
