<?xml version="1.0" encoding="UTF-8"?>
<!-- Generated by org.testng.reporters.JUnitReportReporter -->
<testsuite skipped="1" hostname="Ganesh-PC" name="ISR_Selenium_Testcase.Organization_uploadvideo_page_testcase" tests="1" failures="0" timestamp="2020-02-02T20:36:36 IST" time="0.000" errors="0">
  <testcase name="organization_video" time="0.000" classname="ISR_Selenium_Testcase.Organization_uploadvideo_page_testcase">
    <skipped/>
  </testcase> <!-- organization_video -->
</testsuite> <!-- ISR_Selenium_Testcase.Organization_uploadvideo_page_testcase -->
