<?xml version="1.0" encoding="UTF-8"?>
<!-- Generated by org.testng.reporters.JUnitReportReporter -->
<testsuite skipped="3" hostname="Ganesh-PC" name="ISR_Selenium_Testcase.Organization_details_page_Testcase" tests="3" failures="0" timestamp="2020-02-02T20:36:36 IST" time="0.000" errors="0">
  <testcase name="orgdetailspage" time="0.000" classname="ISR_Selenium_Testcase.Organization_details_page_Testcase">
    <skipped/>
  </testcase> <!-- orgdetailspage -->
  <testcase name="downloadcertificate" time="0.000" classname="ISR_Selenium_Testcase.Organization_details_page_Testcase">
    <skipped/>
  </testcase> <!-- downloadcertificate -->
  <testcase name="uploadcertificate" time="0.000" classname="ISR_Selenium_Testcase.Organization_details_page_Testcase">
    <skipped/>
  </testcase> <!-- uploadcertificate -->
</testsuite> <!-- ISR_Selenium_Testcase.Organization_details_page_Testcase -->
