<?xml version="1.0" encoding="UTF-8"?>
<!-- Generated by org.testng.reporters.JUnitReportReporter -->
<testsuite skipped="6" hostname="Ganesh-PC" name="ISR_Selenium_Testcase.Organization_member_page_Testcase" tests="6" failures="0" timestamp="2020-02-02T20:36:36 IST" time="0.000" errors="0">
  <testcase name="addmember" time="0.000" classname="ISR_Selenium_Testcase.Organization_member_page_Testcase">
    <skipped/>
  </testcase> <!-- addmember -->
  <testcase name="edit_member_name_expert" time="0.000" classname="ISR_Selenium_Testcase.Organization_member_page_Testcase">
    <skipped/>
  </testcase> <!-- edit_member_name_expert -->
  <testcase name="add_same_email" time="0.000" classname="ISR_Selenium_Testcase.Organization_member_page_Testcase">
    <skipped/>
  </testcase> <!-- add_same_email -->
  <testcase name="edit_email" time="0.000" classname="ISR_Selenium_Testcase.Organization_member_page_Testcase">
    <skipped/>
  </testcase> <!-- edit_email -->
  <testcase name="download_sample_member" time="0.000" classname="ISR_Selenium_Testcase.Organization_member_page_Testcase">
    <skipped/>
  </testcase> <!-- download_sample_member -->
  <testcase name="upload_member" time="0.000" classname="ISR_Selenium_Testcase.Organization_member_page_Testcase">
    <skipped/>
  </testcase> <!-- upload_member -->
</testsuite> <!-- ISR_Selenium_Testcase.Organization_member_page_Testcase -->
